2016-09-02 14:12:45,104 - Initializing Velocity, Calling init()...
2016-09-02 14:12:45,104 - Starting Apache Velocity v1.7 (compiled: 2010-11-19 12:14:37)
2016-09-02 14:12:45,104 - Default Properties File: org\apache\velocity\runtime\defaults\velocity.properties
2016-09-02 14:12:45,105 - Trying to use logger class org.apache.velocity.runtime.log.AvalonLogChute
2016-09-02 14:12:45,105 - Target log system for org.apache.velocity.runtime.log.AvalonLogChute is not available (java.lang.NoClassDefFoundError: org/apache/log/format/Formatter).  Falling back to next log system...
2016-09-02 14:12:45,105 - Trying to use logger class org.apache.velocity.runtime.log.Log4JLogChute
2016-09-02 14:12:45,105 - Using logger class org.apache.velocity.runtime.log.Log4JLogChute
2016-09-02 14:12:45,111 - ResourceLoader instantiated: org.apache.velocity.runtime.resource.loader.FileResourceLoader
2016-09-02 14:12:45,112 - Do unicode file recognition:  false
2016-09-02 14:12:45,112 - FileResourceLoader : adding path 'templates'
2016-09-02 14:12:45,124 - ResourceCache: initialized (class org.apache.velocity.runtime.resource.ResourceCacheImpl) with class java.util.Collections$SynchronizedMap cache map.
2016-09-02 14:12:45,127 - Loaded System Directive: org.apache.velocity.runtime.directive.Stop
2016-09-02 14:12:45,128 - Loaded System Directive: org.apache.velocity.runtime.directive.Define
2016-09-02 14:12:45,129 - Loaded System Directive: org.apache.velocity.runtime.directive.Break
2016-09-02 14:12:45,130 - Loaded System Directive: org.apache.velocity.runtime.directive.Evaluate
2016-09-02 14:12:45,132 - Loaded System Directive: org.apache.velocity.runtime.directive.Literal
2016-09-02 14:12:45,134 - Loaded System Directive: org.apache.velocity.runtime.directive.Macro
2016-09-02 14:12:45,137 - Loaded System Directive: org.apache.velocity.runtime.directive.Parse
2016-09-02 14:12:45,139 - Loaded System Directive: org.apache.velocity.runtime.directive.Include
2016-09-02 14:12:45,142 - Loaded System Directive: org.apache.velocity.runtime.directive.Foreach
2016-09-02 14:12:45,173 - Created '20' parsers.
2016-09-02 14:12:45,180 - Velocimacro : "velocimacro.library" is not set.  Trying default library: VM_global_library.vm
2016-09-02 14:12:45,180 - Velocimacro : Default library not found.
2016-09-02 14:12:45,180 - Velocimacro : allowInline = true : VMs can be defined inline in templates
2016-09-02 14:12:45,180 - Velocimacro : allowInlineToOverride = false : VMs defined inline may NOT replace previous VM definitions
2016-09-02 14:12:45,180 - Velocimacro : allowInlineLocal = false : VMs defined inline will be global in scope if allowed.
2016-09-02 14:12:45,180 - Velocimacro : autoload off : VM system will not automatically reload global library macros
2016-09-02 14:12:45,207 - Velocimacro : added VM dataType: source=entity.vm
2016-09-02 14:12:45,208 - ResourceManager : found entity.vm with loader org.apache.velocity.runtime.resource.loader.FileResourceLoader
2016-09-02 14:12:45,244 - Log4JLogChute initialized using file 'velocity.log'
2016-09-02 14:12:45,244 - Initializing Velocity, Calling init()...
2016-09-02 14:12:45,244 - Starting Apache Velocity v1.7 (compiled: 2010-11-19 12:14:37)
2016-09-02 14:12:45,245 - Default Properties File: org\apache\velocity\runtime\defaults\velocity.properties
2016-09-02 14:12:45,245 - Trying to use logger class org.apache.velocity.runtime.log.AvalonLogChute
2016-09-02 14:12:45,245 - Target log system for org.apache.velocity.runtime.log.AvalonLogChute is not available (java.lang.NoClassDefFoundError: org/apache/log/format/Formatter).  Falling back to next log system...
2016-09-02 14:12:45,245 - Trying to use logger class org.apache.velocity.runtime.log.Log4JLogChute
2016-09-02 14:12:45,245 - Using logger class org.apache.velocity.runtime.log.Log4JLogChute
2016-09-02 14:12:45,245 - ResourceLoader instantiated: org.apache.velocity.runtime.resource.loader.FileResourceLoader
2016-09-02 14:12:45,245 - Do unicode file recognition:  false
2016-09-02 14:12:45,245 - FileResourceLoader : adding path 'templates'
2016-09-02 14:12:45,246 - ResourceCache: initialized (class org.apache.velocity.runtime.resource.ResourceCacheImpl) with class java.util.Collections$SynchronizedMap cache map.
2016-09-02 14:12:45,247 - Loaded System Directive: org.apache.velocity.runtime.directive.Stop
2016-09-02 14:12:45,247 - Loaded System Directive: org.apache.velocity.runtime.directive.Define
2016-09-02 14:12:45,247 - Loaded System Directive: org.apache.velocity.runtime.directive.Break
2016-09-02 14:12:45,247 - Loaded System Directive: org.apache.velocity.runtime.directive.Evaluate
2016-09-02 14:12:45,247 - Loaded System Directive: org.apache.velocity.runtime.directive.Literal
2016-09-02 14:12:45,247 - Loaded System Directive: org.apache.velocity.runtime.directive.Macro
2016-09-02 14:12:45,247 - Loaded System Directive: org.apache.velocity.runtime.directive.Parse
2016-09-02 14:12:45,247 - Loaded System Directive: org.apache.velocity.runtime.directive.Include
2016-09-02 14:12:45,248 - Loaded System Directive: org.apache.velocity.runtime.directive.Foreach
2016-09-02 14:12:45,249 - Created '20' parsers.
2016-09-02 14:12:45,249 - Velocimacro : "velocimacro.library" is not set.  Trying default library: VM_global_library.vm
2016-09-02 14:12:45,249 - Velocimacro : Default library not found.
2016-09-02 14:12:45,249 - Velocimacro : allowInline = true : VMs can be defined inline in templates
2016-09-02 14:12:45,250 - Velocimacro : allowInlineToOverride = false : VMs defined inline may NOT replace previous VM definitions
2016-09-02 14:12:45,250 - Velocimacro : allowInlineLocal = false : VMs defined inline will be global in scope if allowed.
2016-09-02 14:12:45,250 - Velocimacro : autoload off : VM system will not automatically reload global library macros
2016-09-02 14:12:45,253 - Velocimacro : added VM dataType: source=entity.vm
2016-09-02 14:12:45,254 - ResourceManager : found entity.vm with loader org.apache.velocity.runtime.resource.loader.FileResourceLoader
s
2016-09-02 14:12:45,253 - Velocimacro : added VM dataType: source=entity.vm
2016-09-02 14:12:45,254 - ResourceManager : found entity.vm with loader org.apache.velocity.runtime.resource.loader.FileResourceLoader
2016-09-02 14:20:47,179 - Log4JLogChute initialized using file 'velocity.log'
2016-09-02 14:20:47,180 - Initializing Velocity, Calling init()...
2016-09-02 14:20:47,180 - Starting Apache Velocity v1.7 (compiled: 2010-11-19 12:14:37)
2016-09-02 14:20:47,180 - Default Properties File: org\apache\velocity\runtime\defaults\velocity.properties
2016-09-02 14:20:47,180 - Trying to use logger class org.apache.velocity.runtime.log.AvalonLogChute
2016-09-02 14:20:47,180 - Target log system for org.apache.velocity.runtime.log.AvalonLogChute is not available (java.lang.NoClassDefFoundError: org/apache/log/format/Formatter).  Falling back to next log system...
2016-09-02 14:20:47,180 - Trying to use logger class org.apache.velocity.runtime.log.Log4JLogChute
2016-09-02 14:20:47,180 - Using logger class org.apache.velocity.runtime.log.Log4JLogChute
2016-09-02 14:20:47,184 - ResourceLoader instantiated: org.apache.velocity.runtime.resource.loader.FileResourceLoader
2016-09-02 14:20:47,185 - Do unicode file recognition:  false
2016-09-02 14:20:47,185 - FileResourceLoader : adding path 'templates'
2016-09-02 14:20:47,196 - ResourceCache: initialized (class org.apache.velocity.runtime.resource.ResourceCacheImpl) with class java.util.Collections$SynchronizedMap cache map.
2016-09-02 14:20:47,197 - Loaded System Directive: org.apache.velocity.runtime.directive.Stop
2016-09-02 14:20:47,198 - Loaded System Directive: org.apache.velocity.runtime.directive.Define
2016-09-02 14:20:47,199 - Loaded System Directive: org.apache.velocity.runtime.directive.Break
2016-09-02 14:20:47,199 - Loaded System Directive: org.apache.velocity.runtime.directive.Evaluate
2016-09-02 14:20:47,200 - Loaded System Directive: org.apache.velocity.runtime.directive.Literal
2016-09-02 14:20:47,201 - Loaded System Directive: org.apache.velocity.runtime.directive.Macro
2016-09-02 14:20:47,203 - Loaded System Directive: org.apache.velocity.runtime.directive.Parse
2016-09-02 14:20:47,205 - Loaded System Directive: org.apache.velocity.runtime.directive.Include
2016-09-02 14:20:47,208 - Loaded System Directive: org.apache.velocity.runtime.directive.Foreach
2016-09-02 14:20:47,244 - Created '20' parsers.
2016-09-02 14:20:47,250 - Velocimacro : "velocimacro.library" is not set.  Trying default library: VM_global_library.vm
2016-09-02 14:20:47,250 - Velocimacro : Default library not found.
2016-09-02 14:20:47,250 - Velocimacro : allowInline = true : VMs can be defined inline in templates
2016-09-02 14:20:47,250 - Velocimacro : allowInlineToOverride = false : VMs defined inline may NOT replace previous VM definitions
2016-09-02 14:20:47,250 - Velocimacro : allowInlineLocal = false : VMs defined inline will be global in scope if allowed.
2016-09-02 14:20:47,250 - Velocimacro : autoload off : VM system will not automatically reload global library macros
2016-09-02 14:20:47,278 - Velocimacro : added VM dataType: source=entity.vm
2016-09-02 14:20:47,280 - ResourceManager : found entity.vm with loader org.apache.velocity.runtime.resource.loader.FileResourceLoader
2016-09-02 14:20:47,310 - Log4JLogChute initialized using file 'velocity.log'
2016-09-02 14:20:47,310 - Log4JLogChute initialized using file 'velocity.log'
2016-09-02 14:20:47,311 - Initializing Velocity, Calling init()...
2016-09-02 14:20:47,311 - Initializing Velocity, Calling init()...
2016-09-02 14:20:47,311 - Starting Apache Velocity v1.7 (compiled: 2010-11-19 12:14:37)
2016-09-02 14:20:47,311 - Starting Apache Velocity v1.7 (compiled: 2010-11-19 12:14:37)
2016-09-02 14:20:47,311 - Default Properties File: org\apache\velocity\runtime\defaults\velocity.properties
2016-09-02 14:20:47,311 - Default Properties File: org\apache\velocity\runtime\defaults\velocity.properties
2016-09-02 14:20:47,311 - Trying to use logger class org.apache.velocity.runtime.log.AvalonLogChute
2016-09-02 14:20:47,311 - Trying to use logger class org.apache.velocity.runtime.log.AvalonLogChute
2016-09-02 14:20:47,311 - Target log system for org.apache.velocity.runtime.log.AvalonLogChute is not available (java.lang.NoClassDefFoundError: org/apache/log/format/Formatter).  Falling back to next log system...
2016-09-02 14:20:47,311 - Target log system for org.apache.velocity.runtime.log.AvalonLogChute is not available (java.lang.NoClassDefFoundError: org/apache/log/format/Formatter).  Falling back to next log system...
2016-09-02 14:20:47,311 - Trying to use logger class org.apache.velocity.runtime.log.Log4JLogChute
2016-09-02 14:20:47,311 - Trying to use logger class org.apache.velocity.runtime.log.Log4JLogChute
2016-09-02 14:20:47,311 - Using logger class org.apache.velocity.runtime.log.Log4JLogChute
2016-09-02 14:20:47,311 - Using logger class org.apache.velocity.runtime.log.Log4JLogChute
2016-09-02 14:20:47,312 - ResourceLoader instantiated: org.apache.velocity.runtime.resource.loader.FileResourceLoader
2016-09-02 14:20:47,312 - ResourceLoader instantiated: org.apache.velocity.runtime.resource.loader.FileResourceLoader
2016-09-02 14:20:47,312 - Do unicode file recognition:  false
2016-09-02 14:20:47,312 - Do unicode file recognition:  false
2016-09-02 14:20:47,312 - FileResourceLoader : adding path 'templates'
2016-09-02 14:20:47,312 - FileResourceLoader : adding path 'templates'
2016-09-02 14:20:47,313 - ResourceCache: initialized (class org.apache.velocity.runtime.resource.ResourceCacheImpl) with class java.util.Collections$SynchronizedMap cache map.
2016-09-02 14:20:47,313 - ResourceCache: initialized (class org.apache.velocity.runtime.resource.ResourceCacheImpl) with class java.util.Collections$SynchronizedMap cache map.
2016-09-02 14:20:47,314 - Loaded System Directive: org.apache.velocity.runtime.directive.Stop
2016-09-02 14:20:47,314 - Loaded System Directive: org.apache.velocity.runtime.directive.Stop
2016-09-02 14:20:47,315 - Loaded System Directive: org.apache.velocity.runtime.directive.Define
2016-09-02 14:20:47,315 - Loaded System Directive: org.apache.velocity.runtime.directive.Define
2016-09-02 14:20:47,315 - Loaded System Directive: org.apache.velocity.runtime.directive.Break
2016-09-02 14:20:47,315 - Loaded System Directive: org.apache.velocity.runtime.directive.Break
2016-09-02 14:20:47,315 - Loaded System Directive: org.apache.velocity.runtime.directive.Evaluate
2016-09-02 14:20:47,315 - Loaded System Directive: org.apache.velocity.runtime.directive.Evaluate
2016-09-02 14:20:47,315 - Loaded System Directive: org.apache.velocity.runtime.directive.Literal
2016-09-02 14:20:47,315 - Loaded System Directive: org.apache.velocity.runtime.directive.Literal
2016-09-02 14:20:47,315 - Loaded System Directive: org.apache.velocity.runtime.directive.Macro
2016-09-02 14:20:47,315 - Loaded System Directive: org.apache.velocity.runtime.directive.Macro
2016-09-02 14:20:47,315 - Loaded System Directive: org.apache.velocity.runtime.directive.Parse
2016-09-02 14:20:47,315 - Loaded System Directive: org.apache.velocity.runtime.directive.Parse
2016-09-02 14:20:47,315 - Loaded System Directive: org.apache.velocity.runtime.directive.Include
2016-09-02 14:20:47,315 - Loaded System Directive: org.apache.velocity.runtime.directive.Include
2016-09-02 14:20:47,316 - Loaded System Directive: org.apache.velocity.runtime.directive.Foreach
2016-09-02 14:20:47,316 - Loaded System Directive: org.apache.velocity.runtime.directive.Foreach
2016-09-02 14:20:47,319 - Created '20' parsers.
2016-09-02 14:20:47,319 - Created '20' parsers.
2016-09-02 14:20:47,319 - Velocimacro : "velocimacro.library" is not set.  Trying default library: VM_global_library.vm
2016-09-02 14:20:47,319 - Velocimacro : "velocimacro.library" is not set.  Trying default library: VM_global_library.vm
2016-09-02 14:20:47,319 - Velocimacro : Default library not found.
2016-09-02 14:20:47,319 - Velocimacro : Default library not found.
2016-09-02 14:20:47,319 - Velocimacro : allowInline = true : VMs can be defined inline in templates
2016-09-02 14:20:47,319 - Velocimacro : allowInline = true : VMs can be defined inline in templates
2016-09-02 14:20:47,319 - Velocimacro : allowInlineToOverride = false : VMs defined inline may NOT replace previous VM definitions
2016-09-02 14:20:47,319 - Velocimacro : allowInlineToOverride = false : VMs defined inline may NOT replace previous VM definitions
2016-09-02 14:20:47,319 - Velocimacro : allowInlineLocal = false : VMs defined inline will be global in scope if allowed.
2016-09-02 14:20:47,319 - Velocimacro : allowInlineLocal = false : VMs defined inline will be global in scope if allowed.
2016-09-02 14:20:47,319 - Velocimacro : autoload off : VM system will not automatically reload global library macros
2016-09-02 14:20:47,319 - Velocimacro : autoload off : VM system will not automatically reload global library macros
2016-09-02 14:20:47,324 - Velocimacro : added VM dataType: source=entity.vm
2016-09-02 14:20:47,324 - Velocimacro : added VM dataType: source=entity.vm
2016-09-02 14:20:47,326 - ResourceManager : found entity.vm with loader org.apache.velocity.runtime.resource.loader.FileResourceLoader
2016-09-02 14:20:47,326 - ResourceManager : found entity.vm with loader org.apache.velocity.runtime.resource.loader.FileResourceLoader
2016-09-02 14:21:41,996 - Log4JLogChute initialized using file 'velocity.log'
2016-09-02 14:21:41,997 - Initializing Velocity, Calling init()...
2016-09-02 14:21:41,997 - Starting Apache Velocity v1.7 (compiled: 2010-11-19 12:14:37)
2016-09-02 14:21:41,997 - Default Properties File: org\apache\velocity\runtime\defaults\velocity.properties
2016-09-02 14:21:41,997 - Trying to use logger class org.apache.velocity.runtime.log.AvalonLogChute
2016-09-02 14:21:41,997 - Target log system for org.apache.velocity.runtime.log.AvalonLogChute is not available (java.lang.NoClassDefFoundError: org/apache/log/format/Formatter).  Falling back to next log system...
2016-09-02 14:21:41,997 - Trying to use logger class org.apache.velocity.runtime.log.Log4JLogChute
2016-09-02 14:21:41,997 - Using logger class org.apache.velocity.runtime.log.Log4JLogChute
2016-09-02 14:21:42,002 - ResourceLoader instantiated: org.apache.velocity.runtime.resource.loader.FileResourceLoader
2016-09-02 14:21:42,003 - Do unicode file recognition:  false
2016-09-02 14:21:42,003 - FileResourceLoader : adding path 'templates'
2016-09-02 14:21:42,015 - ResourceCache: initialized (class org.apache.velocity.runtime.resource.ResourceCacheImpl) with class java.util.Collections$SynchronizedMap cache map.
2016-09-02 14:21:42,017 - Loaded System Directive: org.apache.velocity.runtime.directive.Stop
2016-09-02 14:21:42,018 - Loaded System Directive: org.apache.velocity.runtime.directive.Define
2016-09-02 14:21:42,019 - Loaded System Directive: org.apache.velocity.runtime.directive.Break
2016-09-02 14:21:42,019 - Loaded System Directive: org.apache.velocity.runtime.directive.Evaluate
2016-09-02 14:21:42,020 - Loaded System Directive: org.apache.velocity.runtime.directive.Literal
2016-09-02 14:21:42,021 - Loaded System Directive: org.apache.velocity.runtime.directive.Macro
2016-09-02 14:21:42,023 - Loaded System Directive: org.apache.velocity.runtime.directive.Parse
2016-09-02 14:21:42,025 - Loaded System Directive: org.apache.velocity.runtime.directive.Include
2016-09-02 14:21:42,027 - Loaded System Directive: org.apache.velocity.runtime.directive.Foreach
2016-09-02 14:21:42,067 - Created '20' parsers.
2016-09-02 14:21:42,074 - Velocimacro : "velocimacro.library" is not set.  Trying default library: VM_global_library.vm
2016-09-02 14:21:42,074 - Velocimacro : Default library not found.
2016-09-02 14:21:42,074 - Velocimacro : allowInline = true : VMs can be defined inline in templates
2016-09-02 14:21:42,074 - Velocimacro : allowInlineToOverride = false : VMs defined inline may NOT replace previous VM definitions
2016-09-02 14:21:42,074 - Velocimacro : allowInlineLocal = false : VMs defined inline will be global in scope if allowed.
2016-09-02 14:21:42,074 - Velocimacro : autoload off : VM system will not automatically reload global library macros
2016-09-02 14:21:42,106 - Velocimacro : added VM dataType: source=entity.vm
2016-09-02 14:21:42,107 - ResourceManager : found entity.vm with loader org.apache.velocity.runtime.resource.loader.FileResourceLoader
2016-09-02 14:21:42,141 - Log4JLogChute initialized using file 'velocity.log'
2016-09-02 14:21:42,141 - Log4JLogChute initialized using file 'velocity.log'
2016-09-02 14:21:42,142 - Initializing Velocity, Calling init()...
2016-09-02 14:21:42,142 - Initializing Velocity, Calling init()...
2016-09-02 14:21:42,142 - Starting Apache Velocity v1.7 (compiled: 2010-11-19 12:14:37)
2016-09-02 14:21:42,142 - Starting Apache Velocity v1.7 (compiled: 2010-11-19 12:14:37)
2016-09-02 14:21:42,142 - Default Properties File: org\apache\velocity\runtime\defaults\velocity.properties
2016-09-02 14:21:42,142 - Default Properties File: org\apache\velocity\runtime\defaults\velocity.properties
2016-09-02 14:21:42,142 - Trying to use logger class org.apache.velocity.runtime.log.AvalonLogChute
2016-09-02 14:21:42,142 - Trying to use logger class org.apache.velocity.runtime.log.AvalonLogChute
2016-09-02 14:21:42,142 - Target log system for org.apache.velocity.runtime.log.AvalonLogChute is not available (java.lang.NoClassDefFoundError: org/apache/log/format/Formatter).  Falling back to next log system...
2016-09-02 14:21:42,142 - Target log system for org.apache.velocity.runtime.log.AvalonLogChute is not available (java.lang.NoClassDefFoundError: org/apache/log/format/Formatter).  Falling back to next log system...
2016-09-02 14:21:42,142 - Trying to use logger class org.apache.velocity.runtime.log.Log4JLogChute
2016-09-02 14:21:42,142 - Trying to use logger class org.apache.velocity.runtime.log.Log4JLogChute
2016-09-02 14:21:42,143 - Using logger class org.apache.velocity.runtime.log.Log4JLogChute
2016-09-02 14:21:42,143 - Using logger class org.apache.velocity.runtime.log.Log4JLogChute
2016-09-02 14:21:42,143 - ResourceLoader instantiated: org.apache.velocity.runtime.resource.loader.FileResourceLoader
2016-09-02 14:21:42,143 - ResourceLoader instantiated: org.apache.velocity.runtime.resource.loader.FileResourceLoader
2016-09-02 14:21:42,143 - Do unicode file recognition:  false
2016-09-02 14:21:42,143 - Do unicode file recognition:  false
2016-09-02 14:21:42,143 - FileResourceLoader : adding path 'templates'
2016-09-02 14:21:42,143 - FileResourceLoader : adding path 'templates'
2016-09-02 14:21:42,144 - ResourceCache: initialized (class org.apache.velocity.runtime.resource.ResourceCacheImpl) with class java.util.Collections$SynchronizedMap cache map.
2016-09-02 14:21:42,144 - ResourceCache: initialized (class org.apache.velocity.runtime.resource.ResourceCacheImpl) with class java.util.Collections$SynchronizedMap cache map.
2016-09-02 14:21:42,145 - Loaded System Directive: org.apache.velocity.runtime.directive.Stop
2016-09-02 14:21:42,145 - Loaded System Directive: org.apache.velocity.runtime.directive.Stop
2016-09-02 14:21:42,145 - Loaded System Directive: org.apache.velocity.runtime.directive.Define
2016-09-02 14:21:42,145 - Loaded System Directive: org.apache.velocity.runtime.directive.Define
2016-09-02 14:21:42,145 - Loaded System Directive: org.apache.velocity.runtime.directive.Break
2016-09-02 14:21:42,145 - Loaded System Directive: org.apache.velocity.runtime.directive.Break
2016-09-02 14:21:42,145 - Loaded System Directive: org.apache.velocity.runtime.directive.Evaluate
2016-09-02 14:21:42,145 - Loaded System Directive: org.apache.velocity.runtime.directive.Evaluate
2016-09-02 14:21:42,146 - Loaded System Directive: org.apache.velocity.runtime.directive.Literal
2016-09-02 14:21:42,146 - Loaded System Directive: org.apache.velocity.runtime.directive.Literal
2016-09-02 14:21:42,146 - Loaded System Directive: org.apache.velocity.runtime.directive.Macro
2016-09-02 14:21:42,146 - Loaded System Directive: org.apache.velocity.runtime.directive.Macro
2016-09-02 14:21:42,146 - Loaded System Directive: org.apache.velocity.runtime.directive.Parse
2016-09-02 14:21:42,146 - Loaded System Directive: org.apache.velocity.runtime.directive.Parse
2016-09-02 14:21:42,146 - Loaded System Directive: org.apache.velocity.runtime.directive.Include
2016-09-02 14:21:42,146 - Loaded System Directive: org.apache.velocity.runtime.directive.Include
2016-09-02 14:21:42,146 - Loaded System Directive: org.apache.velocity.runtime.directive.Foreach
2016-09-02 14:21:42,146 - Loaded System Directive: org.apache.velocity.runtime.directive.Foreach
2016-09-02 14:21:42,150 - Created '20' parsers.
2016-09-02 14:21:42,150 - Created '20' parsers.
2016-09-02 14:21:42,150 - Velocimacro : "velocimacro.library" is not set.  Trying default library: VM_global_library.vm
2016-09-02 14:21:42,150 - Velocimacro : "velocimacro.library" is not set.  Trying default library: VM_global_library.vm
2016-09-02 14:21:42,150 - Velocimacro : Default library not found.
2016-09-02 14:21:42,150 - Velocimacro : Default library not found.
2016-09-02 14:21:42,151 - Velocimacro : allowInline = true : VMs can be defined inline in templates
2016-09-02 14:21:42,151 - Velocimacro : allowInline = true : VMs can be defined inline in templates
2016-09-02 14:21:42,151 - Velocimacro : allowInlineToOverride = false : VMs defined inline may NOT replace previous VM definitions
2016-09-02 14:21:42,151 - Velocimacro : allowInlineToOverride = false : VMs defined inline may NOT replace previous VM definitions
2016-09-02 14:21:42,151 - Velocimacro : allowInlineLocal = false : VMs defined inline will be global in scope if allowed.
2016-09-02 14:21:42,151 - Velocimacro : allowInlineLocal = false : VMs defined inline will be global in scope if allowed.
2016-09-02 14:21:42,151 - Velocimacro : autoload off : VM system will not automatically reload global library macros
2016-09-02 14:21:42,151 - Velocimacro : autoload off : VM system will not automatically reload global library macros
2016-09-02 14:21:42,154 - Velocimacro : added VM dataType: source=entity.vm
2016-09-02 14:21:42,154 - Velocimacro : added VM dataType: source=entity.vm
2016-09-02 14:21:42,155 - ResourceManager : found entity.vm with loader org.apache.velocity.runtime.resource.loader.FileResourceLoader
2016-09-02 14:21:42,155 - ResourceManager : found entity.vm with loader org.apache.velocity.runtime.resource.loader.FileResourceLoader
2016-09-02 14:23:11,071 - Log4JLogChute initialized using file 'velocity.log'
2016-09-02 14:23:11,071 - Initializing Velocity, Calling init()...
2016-09-02 14:23:11,071 - Starting Apache Velocity v1.7 (compiled: 2010-11-19 12:14:37)
2016-09-02 14:23:11,071 - Default Properties File: org\apache\velocity\runtime\defaults\velocity.properties
2016-09-02 14:23:11,071 - Trying to use logger class org.apache.velocity.runtime.log.AvalonLogChute
2016-09-02 14:23:11,071 - Target log system for org.apache.velocity.runtime.log.AvalonLogChute is not available (java.lang.NoClassDefFoundError: org/apache/log/format/Formatter).  Falling back to next log system...
2016-09-02 14:23:11,071 - Trying to use logger class org.apache.velocity.runtime.log.Log4JLogChute
2016-09-02 14:23:11,071 - Using logger class org.apache.velocity.runtime.log.Log4JLogChute
2016-09-02 14:23:11,075 - ResourceLoader instantiated: org.apache.velocity.runtime.resource.loader.FileResourceLoader
2016-09-02 14:23:11,076 - Do unicode file recognition:  false
2016-09-02 14:23:11,076 - FileResourceLoader : adding path 'templates'
2016-09-02 14:23:11,087 - ResourceCache: initialized (class org.apache.velocity.runtime.resource.ResourceCacheImpl) with class java.util.Collections$SynchronizedMap cache map.
2016-09-02 14:23:11,089 - Loaded System Directive: org.apache.velocity.runtime.directive.Stop
2016-09-02 14:23:11,090 - Loaded System Directive: org.apache.velocity.runtime.directive.Define
2016-09-02 14:23:11,091 - Loaded System Directive: org.apache.velocity.runtime.directive.Break
2016-09-02 14:23:11,091 - Loaded System Directive: org.apache.velocity.runtime.directive.Evaluate
2016-09-02 14:23:11,092 - Loaded System Directive: org.apache.velocity.runtime.directive.Literal
2016-09-02 14:23:11,093 - Loaded System Directive: org.apache.velocity.runtime.directive.Macro
2016-09-02 14:23:11,095 - Loaded System Directive: org.apache.velocity.runtime.directive.Parse
2016-09-02 14:23:11,097 - Loaded System Directive: org.apache.velocity.runtime.directive.Include
2016-09-02 14:23:11,098 - Loaded System Directive: org.apache.velocity.runtime.directive.Foreach
2016-09-02 14:23:11,138 - Created '20' parsers.
2016-09-02 14:23:11,146 - Velocimacro : "velocimacro.library" is not set.  Trying default library: VM_global_library.vm
2016-09-02 14:23:11,146 - Velocimacro : Default library not found.
2016-09-02 14:23:11,146 - Velocimacro : allowInline = true : VMs can be defined inline in templates
2016-09-02 14:23:11,146 - Velocimacro : allowInlineToOverride = false : VMs defined inline may NOT replace previous VM definitions
2016-09-02 14:23:11,146 - Velocimacro : allowInlineLocal = false : VMs defined inline will be global in scope if allowed.
2016-09-02 14:23:11,146 - Velocimacro : autoload off : VM system will not automatically reload global library macros
2016-09-02 14:23:11,174 - Velocimacro : added VM dataType: source=entity.vm
2016-09-02 14:23:11,176 - ResourceManager : found entity.vm with loader org.apache.velocity.runtime.resource.loader.FileResourceLoader
2016-09-02 14:23:11,209 - Log4JLogChute initialized using file 'velocity.log'
2016-09-02 14:23:11,209 - Log4JLogChute initialized using file 'velocity.log'
2016-09-02 14:23:11,209 - Initializing Velocity, Calling init()...
2016-09-02 14:23:11,209 - Initializing Velocity, Calling init()...
2016-09-02 14:23:11,209 - Starting Apache Velocity v1.7 (compiled: 2010-11-19 12:14:37)
2016-09-02 14:23:11,209 - Starting Apache Velocity v1.7 (compiled: 2010-11-19 12:14:37)
2016-09-02 14:23:11,209 - Default Properties File: org\apache\velocity\runtime\defaults\velocity.properties
2016-09-02 14:23:11,209 - Default Properties File: org\apache\velocity\runtime\defaults\velocity.properties
2016-09-02 14:23:11,209 - Trying to use logger class org.apache.velocity.runtime.log.AvalonLogChute
2016-09-02 14:23:11,209 - Trying to use logger class org.apache.velocity.runtime.log.AvalonLogChute
2016-09-02 14:23:11,209 - Target log system for org.apache.velocity.runtime.log.AvalonLogChute is not available (java.lang.NoClassDefFoundError: org/apache/log/format/Formatter).  Falling back to next log system...
2016-09-02 14:23:11,209 - Target log system for org.apache.velocity.runtime.log.AvalonLogChute is not available (java.lang.NoClassDefFoundError: org/apache/log/format/Formatter).  Falling back to next log system...
2016-09-02 14:23:11,210 - Trying to use logger class org.apache.velocity.runtime.log.Log4JLogChute
2016-09-02 14:23:11,210 - Trying to use logger class org.apache.velocity.runtime.log.Log4JLogChute
2016-09-02 14:23:11,210 - Using logger class org.apache.velocity.runtime.log.Log4JLogChute
2016-09-02 14:23:11,210 - Using logger class org.apache.velocity.runtime.log.Log4JLogChute
2016-09-02 14:23:11,210 - ResourceLoader instantiated: org.apache.velocity.runtime.resource.loader.FileResourceLoader
2016-09-02 14:23:11,210 - ResourceLoader instantiated: org.apache.velocity.runtime.resource.loader.FileResourceLoader
2016-09-02 14:23:11,210 - Do unicode file recognition:  false
2016-09-02 14:23:11,210 - Do unicode file recognition:  false
2016-09-02 14:23:11,210 - FileResourceLoader : adding path 'templates'
2016-09-02 14:23:11,210 - FileResourceLoader : adding path 'templates'
2016-09-02 14:23:11,212 - ResourceCache: initialized (class org.apache.velocity.runtime.resource.ResourceCacheImpl) with class java.util.Collections$SynchronizedMap cache map.
2016-09-02 14:23:11,212 - ResourceCache: initialized (class org.apache.velocity.runtime.resource.ResourceCacheImpl) with class java.util.Collections$SynchronizedMap cache map.
2016-09-02 14:23:11,212 - Loaded System Directive: org.apache.velocity.runtime.directive.Stop
2016-09-02 14:23:11,212 - Loaded System Directive: org.apache.velocity.runtime.directive.Stop
2016-09-02 14:23:11,213 - Loaded System Directive: org.apache.velocity.runtime.directive.Define
2016-09-02 14:23:11,213 - Loaded System Directive: org.apache.velocity.runtime.directive.Define
2016-09-02 14:23:11,213 - Loaded System Directive: org.apache.velocity.runtime.directive.Break
2016-09-02 14:23:11,213 - Loaded System Directive: org.apache.velocity.runtime.directive.Break
2016-09-02 14:23:11,213 - Loaded System Directive: org.apache.velocity.runtime.directive.Evaluate
2016-09-02 14:23:11,213 - Loaded System Directive: org.apache.velocity.runtime.directive.Evaluate
2016-09-02 14:23:11,213 - Loaded System Directive: org.apache.velocity.runtime.directive.Literal
2016-09-02 14:23:11,213 - Loaded System Directive: org.apache.velocity.runtime.directive.Literal
2016-09-02 14:23:11,213 - Loaded System Directive: org.apache.velocity.runtime.directive.Macro
2016-09-02 14:23:11,213 - Loaded System Directive: org.apache.velocity.runtime.directive.Macro
2016-09-02 14:23:11,213 - Loaded System Directive: org.apache.velocity.runtime.directive.Parse
2016-09-02 14:23:11,213 - Loaded System Directive: org.apache.velocity.runtime.directive.Parse
2016-09-02 14:23:11,213 - Loaded System Directive: org.apache.velocity.runtime.directive.Include
2016-09-02 14:23:11,213 - Loaded System Directive: org.apache.velocity.runtime.directive.Include
2016-09-02 14:23:11,213 - Loaded System Directive: org.apache.velocity.runtime.directive.Foreach
2016-09-02 14:23:11,213 - Loaded System Directive: org.apache.velocity.runtime.directive.Foreach
2016-09-02 14:23:11,219 - Created '20' parsers.
2016-09-02 14:23:11,219 - Created '20' parsers.
2016-09-02 14:23:11,219 - Velocimacro : "velocimacro.library" is not set.  Trying default library: VM_global_library.vm
2016-09-02 14:23:11,219 - Velocimacro : "velocimacro.library" is not set.  Trying default library: VM_global_library.vm
2016-09-02 14:23:11,219 - Velocimacro : Default library not found.
2016-09-02 14:23:11,219 - Velocimacro : Default library not found.
2016-09-02 14:23:11,219 - Velocimacro : allowInline = true : VMs can be defined inline in templates
2016-09-02 14:23:11,219 - Velocimacro : allowInline = true : VMs can be defined inline in templates
2016-09-02 14:23:11,219 - Velocimacro : allowInlineToOverride = false : VMs defined inline may NOT replace previous VM definitions
2016-09-02 14:23:11,219 - Velocimacro : allowInlineToOverride = false : VMs defined inline may NOT replace previous VM definitions
2016-09-02 14:23:11,219 - Velocimacro : allowInlineLocal = false : VMs defined inline will be global in scope if allowed.
2016-09-02 14:23:11,219 - Velocimacro : allowInlineLocal = false : VMs defined inline will be global in scope if allowed.
2016-09-02 14:23:11,220 - Velocimacro : autoload off : VM system will not automatically reload global library macros
2016-09-02 14:23:11,220 - Velocimacro : autoload off : VM system will not automatically reload global library macros
2016-09-02 14:23:11,225 - Velocimacro : added VM dataType: source=entity.vm
2016-09-02 14:23:11,225 - Velocimacro : added VM dataType: source=entity.vm
2016-09-02 14:23:11,227 - ResourceManager : found entity.vm with loader org.apache.velocity.runtime.resource.loader.FileResourceLoader
2016-09-02 14:23:11,227 - ResourceManager : found entity.vm with loader org.apache.velocity.runtime.resource.loader.FileResourceLoader
2016-09-02 14:23:39,364 - Log4JLogChute initialized using file 'velocity.log'
2016-09-02 14:23:39,365 - Initializing Velocity, Calling init()...
2016-09-02 14:23:39,365 - Starting Apache Velocity v1.7 (compiled: 2010-11-19 12:14:37)
2016-09-02 14:23:39,365 - Default Properties File: org\apache\velocity\runtime\defaults\velocity.properties
2016-09-02 14:23:39,365 - Trying to use logger class org.apache.velocity.runtime.log.AvalonLogChute
2016-09-02 14:23:39,365 - Target log system for org.apache.velocity.runtime.log.AvalonLogChute is not available (java.lang.NoClassDefFoundError: org/apache/log/format/Formatter).  Falling back to next log system...
2016-09-02 14:23:39,365 - Trying to use logger class org.apache.velocity.runtime.log.Log4JLogChute
2016-09-02 14:23:39,365 - Using logger class org.apache.velocity.runtime.log.Log4JLogChute
2016-09-02 14:23:39,371 - ResourceLoader instantiated: org.apache.velocity.runtime.resource.loader.FileResourceLoader
2016-09-02 14:23:39,373 - Do unicode file recognition:  false
2016-09-02 14:23:39,373 - FileResourceLoader : adding path 'templates'
2016-09-02 14:23:39,389 - ResourceCache: initialized (class org.apache.velocity.runtime.resource.ResourceCacheImpl) with class java.util.Collections$SynchronizedMap cache map.
2016-09-02 14:23:39,390 - Loaded System Directive: org.apache.velocity.runtime.directive.Stop
2016-09-02 14:23:39,392 - Loaded System Directive: org.apache.velocity.runtime.directive.Define
2016-09-02 14:23:39,392 - Loaded System Directive: org.apache.velocity.runtime.directive.Break
2016-09-02 14:23:39,393 - Loaded System Directive: org.apache.velocity.runtime.directive.Evaluate
2016-09-02 14:23:39,393 - Loaded System Directive: org.apache.velocity.runtime.directive.Literal
2016-09-02 14:23:39,394 - Loaded System Directive: org.apache.velocity.runtime.directive.Macro
2016-09-02 14:23:39,396 - Loaded System Directive: org.apache.velocity.runtime.directive.Parse
2016-09-02 14:23:39,398 - Loaded System Directive: org.apache.velocity.runtime.directive.Include
2016-09-02 14:23:39,401 - Loaded System Directive: org.apache.velocity.runtime.directive.Foreach
2016-09-02 14:23:39,433 - Created '20' parsers.
2016-09-02 14:23:39,441 - Velocimacro : "velocimacro.library" is not set.  Trying default library: VM_global_library.vm
2016-09-02 14:23:39,441 - Velocimacro : Default library not found.
2016-09-02 14:23:39,441 - Velocimacro : allowInline = true : VMs can be defined inline in templates
2016-09-02 14:23:39,441 - Velocimacro : allowInlineToOverride = false : VMs defined inline may NOT replace previous VM definitions
2016-09-02 14:23:39,442 - Velocimacro : allowInlineLocal = false : VMs defined inline will be global in scope if allowed.
2016-09-02 14:23:39,442 - Velocimacro : autoload off : VM system will not automatically reload global library macros
2016-09-02 14:23:39,490 - Velocimacro : added VM dataType: source=entity.vm
2016-09-02 14:23:39,491 - ResourceManager : found entity.vm with loader org.apache.velocity.runtime.resource.loader.FileResourceLoader
2016-09-02 14:23:39,520 - Log4JLogChute initialized using file 'velocity.log'
2016-09-02 14:23:39,520 - Log4JLogChute initialized using file 'velocity.log'
2016-09-02 14:23:39,520 - Initializing Velocity, Calling init()...
2016-09-02 14:23:39,520 - Initializing Velocity, Calling init()...
2016-09-02 14:23:39,520 - Starting Apache Velocity v1.7 (compiled: 2010-11-19 12:14:37)
2016-09-02 14:23:39,520 - Starting Apache Velocity v1.7 (compiled: 2010-11-19 12:14:37)
2016-09-02 14:23:39,520 - Default Properties File: org\apache\velocity\runtime\defaults\velocity.properties
2016-09-02 14:23:39,520 - Default Properties File: org\apache\velocity\runtime\defaults\velocity.properties
2016-09-02 14:23:39,520 - Trying to use logger class org.apache.velocity.runtime.log.AvalonLogChute
2016-09-02 14:23:39,520 - Trying to use logger class org.apache.velocity.runtime.log.AvalonLogChute
2016-09-02 14:23:39,521 - Target log system for org.apache.velocity.runtime.log.AvalonLogChute is not available (java.lang.NoClassDefFoundError: org/apache/log/format/Formatter).  Falling back to next log system...
2016-09-02 14:23:39,521 - Target log system for org.apache.velocity.runtime.log.AvalonLogChute is not available (java.lang.NoClassDefFoundError: org/apache/log/format/Formatter).  Falling back to next log system...
2016-09-02 14:23:39,521 - Trying to use logger class org.apache.velocity.runtime.log.Log4JLogChute
2016-09-02 14:23:39,521 - Trying to use logger class org.apache.velocity.runtime.log.Log4JLogChute
2016-09-02 14:23:39,521 - Using logger class org.apache.velocity.runtime.log.Log4JLogChute
2016-09-02 14:23:39,521 - Using logger class org.apache.velocity.runtime.log.Log4JLogChute
2016-09-02 14:23:39,521 - ResourceLoader instantiated: org.apache.velocity.runtime.resource.loader.FileResourceLoader
2016-09-02 14:23:39,521 - ResourceLoader instantiated: org.apache.velocity.runtime.resource.loader.FileResourceLoader
2016-09-02 14:23:39,521 - Do unicode file recognition:  false
2016-09-02 14:23:39,521 - Do unicode file recognition:  false
2016-09-02 14:23:39,521 - FileResourceLoader : adding path 'templates'
2016-09-02 14:23:39,521 - FileResourceLoader : adding path 'templates'
2016-09-02 14:23:39,523 - ResourceCache: initialized (class org.apache.velocity.runtime.resource.ResourceCacheImpl) with class java.util.Collections$SynchronizedMap cache map.
2016-09-02 14:23:39,523 - ResourceCache: initialized (class org.apache.velocity.runtime.resource.ResourceCacheImpl) with class java.util.Collections$SynchronizedMap cache map.
2016-09-02 14:23:39,523 - Loaded System Directive: org.apache.velocity.runtime.directive.Stop
2016-09-02 14:23:39,523 - Loaded System Directive: org.apache.velocity.runtime.directive.Stop
2016-09-02 14:23:39,524 - Loaded System Directive: org.apache.velocity.runtime.directive.Define
2016-09-02 14:23:39,524 - Loaded System Directive: org.apache.velocity.runtime.directive.Define
2016-09-02 14:23:39,524 - Loaded System Directive: org.apache.velocity.runtime.directive.Break
2016-09-02 14:23:39,524 - Loaded System Directive: org.apache.velocity.runtime.directive.Break
2016-09-02 14:23:39,524 - Loaded System Directive: org.apache.velocity.runtime.directive.Evaluate
2016-09-02 14:23:39,524 - Loaded System Directive: org.apache.velocity.runtime.directive.Evaluate
2016-09-02 14:23:39,524 - Loaded System Directive: org.apache.velocity.runtime.directive.Literal
2016-09-02 14:23:39,524 - Loaded System Directive: org.apache.velocity.runtime.directive.Literal
2016-09-02 14:23:39,524 - Loaded System Directive: org.apache.velocity.runtime.directive.Macro
2016-09-02 14:23:39,524 - Loaded System Directive: org.apache.velocity.runtime.directive.Macro
2016-09-02 14:23:39,524 - Loaded System Directive: org.apache.velocity.runtime.directive.Parse
2016-09-02 14:23:39,524 - Loaded System Directive: org.apache.velocity.runtime.directive.Parse
2016-09-02 14:23:39,524 - Loaded System Directive: org.apache.velocity.runtime.directive.Include
2016-09-02 14:23:39,524 - Loaded System Directive: org.apache.velocity.runtime.directive.Include
2016-09-02 14:23:39,524 - Loaded System Directive: org.apache.velocity.runtime.directive.Foreach
2016-09-02 14:23:39,524 - Loaded System Directive: org.apache.velocity.runtime.directive.Foreach
2016-09-02 14:23:39,526 - Created '20' parsers.
2016-09-02 14:23:39,526 - Created '20' parsers.
2016-09-02 14:23:39,527 - Velocimacro : "velocimacro.library" is not set.  Trying default library: VM_global_library.vm
2016-09-02 14:23:39,527 - Velocimacro : "velocimacro.library" is not set.  Trying default library: VM_global_library.vm
2016-09-02 14:23:39,527 - Velocimacro : Default library not found.
2016-09-02 14:23:39,527 - Velocimacro : Default library not found.
2016-09-02 14:23:39,527 - Velocimacro : allowInline = true : VMs can be defined inline in templates
2016-09-02 14:23:39,527 - Velocimacro : allowInline = true : VMs can be defined inline in templates
2016-09-02 14:23:39,527 - Velocimacro : allowInlineToOverride = false : VMs defined inline may NOT replace previous VM definitions
2016-09-02 14:23:39,527 - Velocimacro : allowInlineToOverride = false : VMs defined inline may NOT replace previous VM definitions
2016-09-02 14:23:39,527 - Velocimacro : allowInlineLocal = false : VMs defined inline will be global in scope if allowed.
2016-09-02 14:23:39,527 - Velocimacro : allowInlineLocal = false : VMs defined inline will be global in scope if allowed.
2016-09-02 14:23:39,527 - Velocimacro : autoload off : VM system will not automatically reload global library macros
2016-09-02 14:23:39,527 - Velocimacro : autoload off : VM system will not automatically reload global library macros
2016-09-02 14:23:39,530 - Velocimacro : added VM dataType: source=entity.vm
2016-09-02 14:23:39,530 - Velocimacro : added VM dataType: source=entity.vm
2016-09-02 14:23:39,531 - ResourceManager : found entity.vm with loader org.apache.velocity.runtime.resource.loader.FileResourceLoader
2016-09-02 14:23:39,531 - ResourceManager : found entity.vm with loader org.apache.velocity.runtime.resource.loader.FileResourceLoader
